[13-Jan-2016 02:13:01 UTC] PHP Warning:  require(/home/ubuntu/workspace/ParentPortal/bootstrap/../vendor/autoload.php): failed to open stream: No such file or directory in /home/ubuntu/workspace/ParentPortal/bootstrap/autoload.php on line 17
[13-Jan-2016 02:13:01 UTC] PHP Stack trace:
[13-Jan-2016 02:13:01 UTC] PHP   1. {main}() /home/ubuntu/workspace/ParentPortal/public/index.php:0
[13-Jan-2016 02:13:01 UTC] PHP   2. require() /home/ubuntu/workspace/ParentPortal/public/index.php:21
[13-Jan-2016 02:13:01 UTC] PHP Fatal error:  require(): Failed opening required '/home/ubuntu/workspace/ParentPortal/bootstrap/../vendor/autoload.php' (include_path='.:/usr/share/php:/usr/share/pear') in /home/ubuntu/workspace/ParentPortal/bootstrap/autoload.php on line 17
[13-Jan-2016 02:13:01 UTC] PHP Stack trace:
[13-Jan-2016 02:13:01 UTC] PHP   1. {main}() /home/ubuntu/workspace/ParentPortal/public/index.php:0
[13-Jan-2016 02:13:01 UTC] PHP   2. require() /home/ubuntu/workspace/ParentPortal/public/index.php:21
[13-Jan-2016 02:13:01 UTC] PHP Warning:  require(/home/ubuntu/workspace/ParentPortal/bootstrap/../vendor/autoload.php): failed to open stream: No such file or directory in /home/ubuntu/workspace/ParentPortal/bootstrap/autoload.php on line 17
[13-Jan-2016 02:13:01 UTC] PHP Stack trace:
[13-Jan-2016 02:13:01 UTC] PHP   1. {main}() /home/ubuntu/workspace/ParentPortal/public/index.php:0
[13-Jan-2016 02:13:01 UTC] PHP   2. require() /home/ubuntu/workspace/ParentPortal/public/index.php:21
[13-Jan-2016 02:13:01 UTC] PHP Fatal error:  require(): Failed opening required '/home/ubuntu/workspace/ParentPortal/bootstrap/../vendor/autoload.php' (include_path='.:/usr/share/php:/usr/share/pear') in /home/ubuntu/workspace/ParentPortal/bootstrap/autoload.php on line 17
[13-Jan-2016 02:13:01 UTC] PHP Stack trace:
[13-Jan-2016 02:13:01 UTC] PHP   1. {main}() /home/ubuntu/workspace/ParentPortal/public/index.php:0
[13-Jan-2016 02:13:01 UTC] PHP   2. require() /home/ubuntu/workspace/ParentPortal/public/index.php:21
[13-Jan-2016 02:57:16 UTC] PHP Warning:  require(/home/ubuntu/workspace/ParentPortal/bootstrap/../vendor/autoload.php): failed to open stream: No such file or directory in /home/ubuntu/workspace/ParentPortal/bootstrap/autoload.php on line 17
[13-Jan-2016 02:57:16 UTC] PHP Stack trace:
[13-Jan-2016 02:57:16 UTC] PHP   1. {main}() /home/ubuntu/workspace/ParentPortal/public/index.php:0
[13-Jan-2016 02:57:16 UTC] PHP   2. require() /home/ubuntu/workspace/ParentPortal/public/index.php:21
[13-Jan-2016 02:57:16 UTC] PHP Fatal error:  require(): Failed opening required '/home/ubuntu/workspace/ParentPortal/bootstrap/../vendor/autoload.php' (include_path='.:/usr/share/php:/usr/share/pear') in /home/ubuntu/workspace/ParentPortal/bootstrap/autoload.php on line 17
[13-Jan-2016 02:57:16 UTC] PHP Stack trace:
[13-Jan-2016 02:57:16 UTC] PHP   1. {main}() /home/ubuntu/workspace/ParentPortal/public/index.php:0
[13-Jan-2016 02:57:16 UTC] PHP   2. require() /home/ubuntu/workspace/ParentPortal/public/index.php:21
